do nothing
[Modelarts Service Log]user: uid=1101(work) gid=1101(work) groups=1101(work)
[Modelarts Service Log]pwd: /home/work
[Modelarts Service Log]app_url: s3://resnext-tk/MA-ResNeXt-in-tensorflow-master-11-03-14-34/code/
[Modelarts Service Log]boot_file: code/cifar10_train.py
[Modelarts Service Log]log_url: /tmp/log/MA-ResNeXt-in-tensorflow-master-11-03-14-34.log
[Modelarts Service Log]command: code/cifar10_train.py --data_url=s3://resnext-tk/ResNeXt-in-tensorflow-master/cifar10_data/cifar-10-batches-py/ --train_url=s3://resnext-tk/MA-ResNeXt-in-tensorflow-master-11-03-14-34/output/V0012/ --num_gpus=1
[Modelarts Service Log]MODELARTS_IPOIB_DEVICE: 
[Modelarts Service Log]dependencies_file_dir: /home/work/user-job-dir/code
[Modelarts Service Log][modelarts_create_log] modelarts-pipe found
[Modelarts Service Log]handle inputs of training job
INFO:root:Using MoXing-v1.17.3-4c644d5b
INFO:root:Using OBS-Python-SDK-3.20.7
[ModelArts Service Log][INFO][2020/11/06 15:21:09]: env MA_INPUTS is not found, skip the inputs handler
INFO:root:Using MoXing-v1.17.3-4c644d5b
INFO:root:Using OBS-Python-SDK-3.20.7
[ModelArts Service Log]2020-11-06 15:21:09,876 - modelarts-downloader.py[line:619] - INFO: Main: modelarts-downloader starting with Namespace(dst='./', recursive=True, skip_creating_dir=False, src='s3://resnext-tk/MA-ResNeXt-in-tensorflow-master-11-03-14-34/code/', trace=False, type='common', verbose=False)
/home/work/user-job-dir
[Modelarts Service Log][modelarts_logger] modelarts-pipe found
WARNING: The TensorFlow contrib module will not be included in TensorFlow 2.0.
For more information, please see:
  * https://github.com/tensorflow/community/blob/master/rfcs/20180907-contrib-sunset.md
  * https://github.com/tensorflow/addons
If you depend on functionality not listed there, please file an issue.
Successfully downloaded cifar-10-python.tar.gz 170498071 bytes.
['cifar10_data/cifar-10-batches-py/data_batch_1', 'cifar10_data/cifar-10-batches-py/data_batch_2', 'cifar10_data/cifar-10-batches-py/data_batch_3', 'cifar10_data/cifar-10-batches-py/data_batch_4', 'cifar10_data/cifar-10-batches-py/data_batch_5']
Reading images from cifar10_data/cifar-10-batches-py/data_batch_1
Reading images from cifar10_data/cifar-10-batches-py/data_batch_2
Reading images from cifar10_data/cifar-10-batches-py/data_batch_3
Reading images from cifar10_data/cifar-10-batches-py/data_batch_4
Reading images from cifar10_data/cifar-10-batches-py/data_batch_5
Shuffling
['cifar10_data/cifar-10-batches-py/test_batch']
Reading images from cifar10_data/cifar-10-batches-py/test_batch
Shuffling
WARNING:tensorflow:From /home/work/anaconda/lib/python3.6/site-packages/tensorflow/python/framework/op_def_library.py:263: colocate_with (from tensorflow.python.framework.ops) is deprecated and will be removed in a future version.
Instructions for updating:
Colocations handled automatically by placer.
WARNING:tensorflow:From /cache/user-job-dir/code/resNeXt.py:56: UniformUnitScaling.__init__ (from tensorflow.python.ops.init_ops) is deprecated and will be removed in a future version.
Instructions for updating:
Use tf.initializers.variance_scaling instead with distribution=uniform to get equivalent behavior.
WARNING:tensorflow:From code/cifar10_train.py:276: to_float (from tensorflow.python.ops.math_ops) is deprecated and will be removed in a future version.
Instructions for updating:
Use tf.cast instead.
WARNING:tensorflow:From /home/work/anaconda/lib/python3.6/site-packages/tensorflow/python/ops/math_ops.py:3066: to_int32 (from tensorflow.python.ops.math_ops) is deprecated and will be removed in a future version.
Instructions for updating:
Use tf.cast instead.
WARNING:tensorflow:From code/cifar10_train.py:86: all_variables (from tensorflow.python.ops.variables) is deprecated and will be removed after 2017-03-02.
Instructions for updating:
Please use tf.global_variables instead.
WARNING:tensorflow:From /home/work/anaconda/lib/python3.6/site-packages/tensorflow/python/util/tf_should_use.py:193: initialize_all_variables (from tensorflow.python.ops.variables) is deprecated and will be removed after 2017-03-02.
Instructions for updating:
Use `tf.global_variables_initializer` instead.
2020-11-06 15:21:34.648464: I tensorflow/core/platform/cpu_feature_guard.cc:141] Your CPU supports instructions that this TensorFlow binary was not compiled to use: AVX2 AVX512F FMA
2020-11-06 15:21:34.837240: I tensorflow/compiler/xla/service/service.cc:150] XLA service 0x5570f2323830 executing computations on platform CUDA. Devices:
2020-11-06 15:21:34.837280: I tensorflow/compiler/xla/service/service.cc:158]   StreamExecutor device (0): Tesla V100-PCIE-32GB, Compute Capability 7.0
2020-11-06 15:21:34.856398: I tensorflow/core/platform/profile_utils/cpu_utils.cc:94] CPU Frequency: 3000000000 Hz
2020-11-06 15:21:34.856840: I tensorflow/compiler/xla/service/service.cc:150] XLA service 0x5570f243f2c0 executing computations on platform Host. Devices:
2020-11-06 15:21:34.856866: I tensorflow/compiler/xla/service/service.cc:158]   StreamExecutor device (0): <undefined>, <undefined>
2020-11-06 15:21:34.857027: I tensorflow/core/common_runtime/gpu/gpu_device.cc:1433] Found device 0 with properties: 
name: Tesla V100-PCIE-32GB major: 7 minor: 0 memoryClockRate(GHz): 1.38
pciBusID: 0000:21:01.0
totalMemory: 31.75GiB freeMemory: 31.44GiB
2020-11-06 15:21:34.857048: I tensorflow/core/common_runtime/gpu/gpu_device.cc:1512] Adding visible gpu devices: 0
2020-11-06 15:21:34.859411: I tensorflow/core/common_runtime/gpu/gpu_device.cc:984] Device interconnect StreamExecutor with strength 1 edge matrix:
2020-11-06 15:21:34.859437: I tensorflow/core/common_runtime/gpu/gpu_device.cc:990]      0 
2020-11-06 15:21:34.859443: I tensorflow/core/common_runtime/gpu/gpu_device.cc:1003] 0:   N 
2020-11-06 15:21:34.859523: I tensorflow/core/common_runtime/gpu/gpu_device.cc:1115] Created TensorFlow device (/job:localhost/replica:0/task:0/device:GPU:0 with 30583 MB memory) -> physical GPU (device: 0, name: Tesla V100-PCIE-32GB, pci bus id: 0000:21:01.0, compute capability: 7.0)
mkdir: cannot create directory ‘logs’: File exists
[ModelArts Service Log]modelarts-pipe: will create log file /tmp/log/MA-ResNeXt-in-tensorflow-master-11-03-14-34.log
[ModelArts Service Log]modelarts-pipe: will create log file /tmp/log/MA-ResNeXt-in-tensorflow-master-11-03-14-34.log
[ModelArts Service Log]modelarts-pipe: will write log file /tmp/log/MA-ResNeXt-in-tensorflow-master-11-03-14-34.log
[ModelArts Service Log]modelarts-pipe: param for max log length: 1073741824
[ModelArts Service Log]modelarts-pipe: param for whether exit on overflow: 0
Start training...
----------------------------
2020-11-06 15:21:39.349886: I tensorflow/stream_executor/dso_loader.cc:152] successfully opened CUDA library libcublas.so.10.0 locally
2020-11-06 15:21:49.099476: step 0, loss = 4.3898 (40.7 examples/sec; 3.143 sec/batch)
Train top1 error =  0.9140625
Validation top1 error = 0.9014
Validation loss =  3.0009937
----------------------------
2020-11-06 15:22:32.181045: step 391, loss = 3.0006 (1423.7 examples/sec; 0.090 sec/batch)
Train top1 error =  0.6328125
Validation top1 error = 0.5781
Validation loss =  1.5863644
----------------------------
2020-11-06 15:23:14.226575: step 782, loss = 2.4661 (1423.7 examples/sec; 0.090 sec/batch)
Train top1 error =  0.390625
Validation top1 error = 0.5302
Validation loss =  1.4338659
----------------------------
2020-11-06 15:23:56.301604: step 1173, loss = 2.5303 (1426.7 examples/sec; 0.090 sec/batch)
Train top1 error =  0.4375
Validation top1 error = 0.4801
Validation loss =  1.320524
----------------------------
2020-11-06 15:24:38.353484: step 1564, loss = 2.4459 (1425.0 examples/sec; 0.090 sec/batch)
Train top1 error =  0.4453125
Validation top1 error = 0.4591
Validation loss =  1.2516317
----------------------------
2020-11-06 15:25:20.491850: step 1955, loss = 2.4406 (1428.0 examples/sec; 0.090 sec/batch)
Train top1 error =  0.4140625
Validation top1 error = 0.4220
Validation loss =  1.1653707
----------------------------
2020-11-06 15:26:02.545667: step 2346, loss = 2.3237 (1425.2 examples/sec; 0.090 sec/batch)
Train top1 error =  0.359375
Validation top1 error = 0.4054
Validation loss =  1.1383277
----------------------------
2020-11-06 15:26:44.697995: step 2737, loss = 2.1853 (1422.2 examples/sec; 0.090 sec/batch)
Train top1 error =  0.3125
Validation top1 error = 0.3785
Validation loss =  1.0660076
----------------------------
2020-11-06 15:27:26.737608: step 3128, loss = 2.1285 (1425.7 examples/sec; 0.090 sec/batch)
Train top1 error =  0.3125
Validation top1 error = 0.3707
Validation loss =  1.0296619
----------------------------
2020-11-06 15:28:08.874915: step 3519, loss = 2.1725 (1427.1 examples/sec; 0.090 sec/batch)
Train top1 error =  0.296875
Validation top1 error = 0.3653
Validation loss =  1.0480629
----------------------------
2020-11-06 15:28:50.945042: step 3910, loss = 2.0655 (1423.4 examples/sec; 0.090 sec/batch)
Train top1 error =  0.3203125
Validation top1 error = 0.3439
Validation loss =  0.9839093
----------------------------
2020-11-06 15:29:32.992945: step 4301, loss = 1.9891 (1425.8 examples/sec; 0.090 sec/batch)
Train top1 error =  0.2421875
Validation top1 error = 0.3184
Validation loss =  0.91189253
----------------------------
2020-11-06 15:30:15.045327: step 4692, loss = 2.0254 (1420.5 examples/sec; 0.090 sec/batch)
Train top1 error =  0.3046875
Validation top1 error = 0.3225
Validation loss =  0.9228361
----------------------------
2020-11-06 15:30:57.151162: step 5083, loss = 1.8728 (1429.9 examples/sec; 0.090 sec/batch)
Train top1 error =  0.25
Validation top1 error = 0.3086
Validation loss =  0.88361454
----------------------------
2020-11-06 15:31:39.304250: step 5474, loss = 1.8197 (1421.2 examples/sec; 0.090 sec/batch)
Train top1 error =  0.15625
Validation top1 error = 0.3042
Validation loss =  0.8673561
----------------------------
2020-11-06 15:32:21.363688: step 5865, loss = 1.7799 (1417.0 examples/sec; 0.090 sec/batch)
Train top1 error =  0.171875
Validation top1 error = 0.3097
Validation loss =  0.87660056
----------------------------
2020-11-06 15:33:03.387398: step 6256, loss = 1.7814 (1424.6 examples/sec; 0.090 sec/batch)
Train top1 error =  0.234375
Validation top1 error = 0.2997
Validation loss =  0.8483645
----------------------------
2020-11-06 15:33:45.490659: step 6647, loss = 2.1404 (1426.6 examples/sec; 0.090 sec/batch)
Train top1 error =  0.390625
Validation top1 error = 0.2878
Validation loss =  0.82325286
----------------------------
2020-11-06 15:34:27.477965: step 7038, loss = 1.6289 (1431.0 examples/sec; 0.089 sec/batch)
Train top1 error =  0.140625
Validation top1 error = 0.2752
Validation loss =  0.7858206
----------------------------
2020-11-06 15:35:09.539362: step 7429, loss = 1.9117 (1423.1 examples/sec; 0.090 sec/batch)
Train top1 error =  0.2578125
Validation top1 error = 0.2759
Validation loss =  0.80255526
----------------------------
2020-11-06 15:35:51.572266: step 7820, loss = 1.7508 (1428.1 examples/sec; 0.090 sec/batch)
Train top1 error =  0.2265625
Validation top1 error = 0.2661
Validation loss =  0.777346
----------------------------
2020-11-06 15:36:33.676189: step 8211, loss = 1.8784 (1424.7 examples/sec; 0.090 sec/batch)
Train top1 error =  0.2265625
Validation top1 error = 0.2627
Validation loss =  0.7637345
----------------------------
2020-11-06 15:37:15.693748: step 8602, loss = 1.8926 (1426.4 examples/sec; 0.090 sec/batch)
Train top1 error =  0.2421875
Validation top1 error = 0.2531
Validation loss =  0.7374754
----------------------------
2020-11-06 15:37:57.882070: step 8993, loss = 1.8287 (1427.2 examples/sec; 0.090 sec/batch)
Train top1 error =  0.2421875
Validation top1 error = 0.2490
Validation loss =  0.7257522
----------------------------
2020-11-06 15:38:39.905306: step 9384, loss = 1.7063 (1426.3 examples/sec; 0.090 sec/batch)
Train top1 error =  0.1953125
Validation top1 error = 0.2524
Validation loss =  0.7380229
----------------------------
2020-11-06 15:39:21.994991: step 9775, loss = 1.7215 (1423.2 examples/sec; 0.090 sec/batch)
Train top1 error =  0.21875
Validation top1 error = 0.2461
Validation loss =  0.70103467
----------------------------
2020-11-06 15:40:04.493984: step 10166, loss = 1.6744 (1426.5 examples/sec; 0.090 sec/batch)
Train top1 error =  0.1953125
Validation top1 error = 0.2409
Validation loss =  0.71426475
----------------------------
2020-11-06 15:40:46.515378: step 10557, loss = 1.6978 (1427.1 examples/sec; 0.090 sec/batch)
Train top1 error =  0.1875
Validation top1 error = 0.2396
Validation loss =  0.70192707
----------------------------
2020-11-06 15:41:28.620772: step 10948, loss = 1.6715 (1422.8 examples/sec; 0.090 sec/batch)
Train top1 error =  0.203125
Validation top1 error = 0.2453
Validation loss =  0.7136945
----------------------------
2020-11-06 15:42:10.781635: step 11339, loss = 1.5670 (1412.7 examples/sec; 0.091 sec/batch)
Train top1 error =  0.1796875
Validation top1 error = 0.2407
Validation loss =  0.70229274
----------------------------
2020-11-06 15:42:52.859989: step 11730, loss = 1.6593 (1422.9 examples/sec; 0.090 sec/batch)
Train top1 error =  0.15625
Validation top1 error = 0.2328
Validation loss =  0.68513244
----------------------------
2020-11-06 15:43:34.904826: step 12121, loss = 1.5755 (1423.3 examples/sec; 0.090 sec/batch)
Train top1 error =  0.15625
Validation top1 error = 0.2394
Validation loss =  0.6875898
----------------------------
2020-11-06 15:44:17.051195: step 12512, loss = 1.4813 (1431.9 examples/sec; 0.089 sec/batch)
Train top1 error =  0.109375
Validation top1 error = 0.2287
Validation loss =  0.68404865
----------------------------
2020-11-06 15:44:59.247535: step 12903, loss = 1.4859 (1425.6 examples/sec; 0.090 sec/batch)
Train top1 error =  0.1328125
Validation top1 error = 0.2194
Validation loss =  0.6496956
----------------------------
2020-11-06 15:45:41.311668: step 13294, loss = 1.4435 (1422.2 examples/sec; 0.090 sec/batch)
Train top1 error =  0.1328125
Validation top1 error = 0.2199
Validation loss =  0.6512881
----------------------------
2020-11-06 15:46:23.474353: step 13685, loss = 1.4652 (1423.5 examples/sec; 0.090 sec/batch)
Train top1 error =  0.125
Validation top1 error = 0.2122
Validation loss =  0.6458982
----------------------------
2020-11-06 15:47:05.509137: step 14076, loss = 1.5963 (1424.7 examples/sec; 0.090 sec/batch)
Train top1 error =  0.1953125
Validation top1 error = 0.2304
Validation loss =  0.68779624
----------------------------
2020-11-06 15:47:47.709537: step 14467, loss = 1.3178 (1424.3 examples/sec; 0.090 sec/batch)
Train top1 error =  0.0546875
Validation top1 error = 0.2148
Validation loss =  0.6451234
----------------------------
2020-11-06 15:48:29.750144: step 14858, loss = 1.3643 (1424.5 examples/sec; 0.090 sec/batch)
Train top1 error =  0.1171875
Validation top1 error = 0.2121
Validation loss =  0.63074434
----------------------------
2020-11-06 15:49:11.815281: step 15249, loss = 1.5539 (1425.3 examples/sec; 0.090 sec/batch)
Train top1 error =  0.1875
Validation top1 error = 0.2143
Validation loss =  0.63640034
----------------------------
2020-11-06 15:49:53.959955: step 15640, loss = 1.3142 (1427.5 examples/sec; 0.090 sec/batch)
Train top1 error =  0.0703125
Validation top1 error = 0.2036
Validation loss =  0.6045
----------------------------
2020-11-06 15:50:36.073368: step 16031, loss = 1.3529 (1424.0 examples/sec; 0.090 sec/batch)
Train top1 error =  0.1015625
Validation top1 error = 0.2100
Validation loss =  0.63812983
----------------------------
2020-11-06 15:51:18.150130: step 16422, loss = 1.4529 (1429.7 examples/sec; 0.090 sec/batch)
Train top1 error =  0.1171875
Validation top1 error = 0.2054
Validation loss =  0.62713325
----------------------------
2020-11-06 15:52:00.334127: step 16813, loss = 1.4813 (1426.9 examples/sec; 0.090 sec/batch)
Train top1 error =  0.1484375
Validation top1 error = 0.2146
Validation loss =  0.6476973
----------------------------
2020-11-06 15:52:42.519873: step 17204, loss = 1.4241 (1422.4 examples/sec; 0.090 sec/batch)
Train top1 error =  0.140625
Validation top1 error = 0.2064
Validation loss =  0.6196846
----------------------------
2020-11-06 15:53:24.588782: step 17595, loss = 1.3018 (1418.6 examples/sec; 0.090 sec/batch)
Train top1 error =  0.09375
Validation top1 error = 0.2038
Validation loss =  0.6065458
----------------------------
2020-11-06 15:54:06.673712: step 17986, loss = 1.4163 (1420.7 examples/sec; 0.090 sec/batch)
Train top1 error =  0.1171875
Validation top1 error = 0.2100
Validation loss =  0.6314832
----------------------------
2020-11-06 15:54:48.657326: step 18377, loss = 1.3490 (1422.7 examples/sec; 0.090 sec/batch)
Train top1 error =  0.1015625
Validation top1 error = 0.2035
Validation loss =  0.61377925
----------------------------
2020-11-06 15:55:30.652657: step 18768, loss = 1.2955 (1423.7 examples/sec; 0.090 sec/batch)
Train top1 error =  0.0859375
Validation top1 error = 0.2041
Validation loss =  0.62126553
----------------------------
2020-11-06 15:56:12.776966: step 19159, loss = 1.3047 (1423.0 examples/sec; 0.090 sec/batch)
Train top1 error =  0.109375
Validation top1 error = 0.2022
Validation loss =  0.6291789
----------------------------
2020-11-06 15:56:54.848260: step 19550, loss = 1.3181 (1423.1 examples/sec; 0.090 sec/batch)
Train top1 error =  0.1015625
Validation top1 error = 0.1899
Validation loss =  0.6011499
----------------------------
2020-11-06 15:57:37.049046: step 19941, loss = 1.4147 (1419.7 examples/sec; 0.090 sec/batch)
Train top1 error =  0.1640625
Validation top1 error = 0.1940
Validation loss =  0.631471
----------------------------
2020-11-06 15:58:19.699296: step 20332, loss = 1.1442 (1413.1 examples/sec; 0.091 sec/batch)
Train top1 error =  0.0390625
Validation top1 error = 0.1951
Validation loss =  0.61441094
----------------------------
2020-11-06 15:59:01.973202: step 20723, loss = 1.3553 (1402.1 examples/sec; 0.091 sec/batch)
Train top1 error =  0.125
Validation top1 error = 0.1916
Validation loss =  0.5909935
----------------------------
2020-11-06 15:59:44.243868: step 21114, loss = 1.3027 (1421.9 examples/sec; 0.090 sec/batch)
Train top1 error =  0.0859375
Validation top1 error = 0.1835
Validation loss =  0.5816884
----------------------------
2020-11-06 16:00:26.419220: step 21505, loss = 1.1458 (1417.6 examples/sec; 0.090 sec/batch)
Train top1 error =  0.046875
Validation top1 error = 0.1900
Validation loss =  0.62840706
----------------------------
2020-11-06 16:01:08.719365: step 21896, loss = 1.1957 (1421.4 examples/sec; 0.090 sec/batch)
Train top1 error =  0.0703125
Validation top1 error = 0.1979
Validation loss =  0.62674016
----------------------------
2020-11-06 16:01:50.952030: step 22287, loss = 1.1902 (1410.4 examples/sec; 0.091 sec/batch)
Train top1 error =  0.0546875
Validation top1 error = 0.1854
Validation loss =  0.57981265
----------------------------
2020-11-06 16:02:33.264072: step 22678, loss = 1.1627 (1422.4 examples/sec; 0.090 sec/batch)
Train top1 error =  0.0625
Validation top1 error = 0.1880
Validation loss =  0.6091534
----------------------------
2020-11-06 16:03:15.451544: step 23069, loss = 1.3076 (1419.5 examples/sec; 0.090 sec/batch)
Train top1 error =  0.125
Validation top1 error = 0.1829
Validation loss =  0.5855212
----------------------------
2020-11-06 16:03:57.629339: step 23460, loss = 1.1477 (1420.2 examples/sec; 0.090 sec/batch)
Train top1 error =  0.0625
Validation top1 error = 0.1792
Validation loss =  0.584386
----------------------------
2020-11-06 16:04:39.858630: step 23851, loss = 1.2321 (1410.6 examples/sec; 0.091 sec/batch)
Train top1 error =  0.0859375
Validation top1 error = 0.2014
Validation loss =  0.6456456
----------------------------
2020-11-06 16:05:22.096118: step 24242, loss = 1.1506 (1418.7 examples/sec; 0.090 sec/batch)
Train top1 error =  0.0546875
Validation top1 error = 0.1835
Validation loss =  0.5876266
----------------------------
2020-11-06 16:06:04.374430: step 24633, loss = 1.2403 (1410.3 examples/sec; 0.091 sec/batch)
Train top1 error =  0.1171875
Validation top1 error = 0.1864
Validation loss =  0.61289334
----------------------------
2020-11-06 16:06:46.698794: step 25024, loss = 1.1418 (1408.0 examples/sec; 0.091 sec/batch)
Train top1 error =  0.046875
Validation top1 error = 0.1808
Validation loss =  0.5986738
----------------------------
2020-11-06 16:07:29.008098: step 25415, loss = 1.1052 (1410.9 examples/sec; 0.091 sec/batch)
Train top1 error =  0.0390625
Validation top1 error = 0.1872
Validation loss =  0.61651766
----------------------------
2020-11-06 16:08:11.345807: step 25806, loss = 1.0829 (1422.3 examples/sec; 0.090 sec/batch)
Train top1 error =  0.0390625
Validation top1 error = 0.1865
Validation loss =  0.6048562
----------------------------
2020-11-06 16:08:53.567112: step 26197, loss = 1.0999 (1416.3 examples/sec; 0.090 sec/batch)
Train top1 error =  0.046875
Validation top1 error = 0.1806
Validation loss =  0.5975788
----------------------------
2020-11-06 16:09:35.744852: step 26588, loss = 1.0595 (1424.2 examples/sec; 0.090 sec/batch)
Train top1 error =  0.046875
Validation top1 error = 0.1830
Validation loss =  0.623088
----------------------------
2020-11-06 16:10:18.043982: step 26979, loss = 1.1135 (1416.5 examples/sec; 0.090 sec/batch)
Train top1 error =  0.0546875
Validation top1 error = 0.1874
Validation loss =  0.61887693
----------------------------
2020-11-06 16:11:00.227206: step 27370, loss = 1.0474 (1415.7 examples/sec; 0.090 sec/batch)
Train top1 error =  0.0390625
Validation top1 error = 0.1891
Validation loss =  0.63339365
----------------------------
2020-11-06 16:11:42.476213: step 27761, loss = 1.0826 (1424.0 examples/sec; 0.090 sec/batch)
Train top1 error =  0.03125
Validation top1 error = 0.1778
Validation loss =  0.60003865
----------------------------
2020-11-06 16:12:24.646931: step 28152, loss = 1.0670 (1425.0 examples/sec; 0.090 sec/batch)
Train top1 error =  0.0390625
Validation top1 error = 0.1875
Validation loss =  0.6454547
----------------------------
2020-11-06 16:13:06.986941: step 28543, loss = 1.0700 (1420.2 examples/sec; 0.090 sec/batch)
Train top1 error =  0.046875
Validation top1 error = 0.1873
Validation loss =  0.6367465
----------------------------
2020-11-06 16:13:49.149880: step 28934, loss = 1.0648 (1419.1 examples/sec; 0.090 sec/batch)
Train top1 error =  0.03125
Validation top1 error = 0.1753
Validation loss =  0.6222674
----------------------------
2020-11-06 16:14:31.380322: step 29325, loss = 1.0166 (1418.2 examples/sec; 0.090 sec/batch)
Train top1 error =  0.0234375
Validation top1 error = 0.1760
Validation loss =  0.63590944
----------------------------
2020-11-06 16:15:13.699896: step 29716, loss = 1.0313 (1417.8 examples/sec; 0.090 sec/batch)
Train top1 error =  0.0625
Validation top1 error = 0.1679
Validation loss =  0.6067948
----------------------------
2020-11-06 16:15:56.394681: step 30107, loss = 1.0471 (1417.6 examples/sec; 0.090 sec/batch)
Train top1 error =  0.046875
Validation top1 error = 0.1848
Validation loss =  0.6460625
----------------------------
2020-11-06 16:16:38.571643: step 30498, loss = 1.0331 (1420.7 examples/sec; 0.090 sec/batch)
Train top1 error =  0.0546875
Validation top1 error = 0.1811
Validation loss =  0.6129171
----------------------------
2020-11-06 16:17:20.816621: step 30889, loss = 1.0007 (1418.8 examples/sec; 0.090 sec/batch)
Train top1 error =  0.015625
Validation top1 error = 0.1863
Validation loss =  0.658953
----------------------------
2020-11-06 16:18:03.041837: step 31280, loss = 0.9512 (1424.0 examples/sec; 0.090 sec/batch)
Train top1 error =  0.0234375
Validation top1 error = 0.1726
Validation loss =  0.63062984
----------------------------
2020-11-06 16:18:45.220590: step 31671, loss = 0.9947 (1422.3 examples/sec; 0.090 sec/batch)
Train top1 error =  0.03125
Validation top1 error = 0.1805
Validation loss =  0.6482605
----------------------------
2020-11-06 16:19:27.410353: step 32062, loss = 0.9526 (1416.1 examples/sec; 0.090 sec/batch)
Train top1 error =  0.015625
Validation top1 error = 0.1785
Validation loss =  0.6589513
----------------------------
2020-11-06 16:20:09.566797: step 32453, loss = 1.0364 (1420.4 examples/sec; 0.090 sec/batch)
Train top1 error =  0.078125
Validation top1 error = 0.1795
Validation loss =  0.63613665
----------------------------
2020-11-06 16:20:51.768185: step 32844, loss = 1.0911 (1423.6 examples/sec; 0.090 sec/batch)
Train top1 error =  0.0546875
Validation top1 error = 0.1757
Validation loss =  0.64067066
----------------------------
2020-11-06 16:21:33.958216: step 33235, loss = 0.9712 (1420.8 examples/sec; 0.090 sec/batch)
Train top1 error =  0.0390625
Validation top1 error = 0.1798
Validation loss =  0.66485167
----------------------------
