mkdir: cannot create directory ‘logs’: File exists
[ModelArts Service Log]modelarts-pipe: will create log file /tmp/log/MA-ResNeXt-in-tensorflow-master-11-03-14-34.log
[ModelArts Service Log]modelarts-pipe: will create log file /tmp/log/MA-ResNeXt-in-tensorflow-master-11-03-14-34.log
[ModelArts Service Log]modelarts-pipe: will write log file /tmp/log/MA-ResNeXt-in-tensorflow-master-11-03-14-34.log
[ModelArts Service Log]modelarts-pipe: param for max log length: 1073741824
[ModelArts Service Log]modelarts-pipe: param for whether exit on overflow: 0
do nothing
[Modelarts Service Log]user: uid=1101(work) gid=1101(work) groups=1101(work)
[Modelarts Service Log]pwd: /home/work
[Modelarts Service Log]app_url: s3://resnext-tk/MA-ResNeXt-in-tensorflow-master-11-03-14-34/code/
[Modelarts Service Log]boot_file: code/cifar10_train.py
[Modelarts Service Log]log_url: /tmp/log/MA-ResNeXt-in-tensorflow-master-11-03-14-34.log
[Modelarts Service Log]command: code/cifar10_train.py --data_url=s3://resnext-tk/ResNeXt-in-tensorflow-master/cifar10_data/cifar-10-batches-py/ --train_url=s3://resnext-tk/MA-ResNeXt-in-tensorflow-master-11-03-14-34/output/V0020/ --num_gpus=1
[Modelarts Service Log]MODELARTS_IPOIB_DEVICE: 
[Modelarts Service Log]dependencies_file_dir: /home/work/user-job-dir/code
[Modelarts Service Log][modelarts_create_log] modelarts-pipe found
[Modelarts Service Log]handle inputs of training job
INFO:root:Using MoXing-v1.17.3-4c644d5b
INFO:root:Using OBS-Python-SDK-3.20.7
[ModelArts Service Log][INFO][2020/11/16 17:23:56]: env MA_INPUTS is not found, skip the inputs handler
INFO:root:Using MoXing-v1.17.3-4c644d5b
INFO:root:Using OBS-Python-SDK-3.20.7
[ModelArts Service Log]2020-11-16 17:23:56,845 - modelarts-downloader.py[line:619] - INFO: Main: modelarts-downloader starting with Namespace(dst='./', recursive=True, skip_creating_dir=False, src='s3://resnext-tk/MA-ResNeXt-in-tensorflow-master-11-03-14-34/code/', trace=False, type='common', verbose=False)
/home/work/user-job-dir
[Modelarts Service Log][modelarts_logger] modelarts-pipe found
WARNING: The TensorFlow contrib module will not be included in TensorFlow 2.0.
For more information, please see:
  * https://github.com/tensorflow/community/blob/master/rfcs/20180907-contrib-sunset.md
  * https://github.com/tensorflow/addons
If you depend on functionality not listed there, please file an issue.
Successfully downloaded cifar-10-python.tar.gz 170498071 bytes.
['cifar10_data/cifar-10-batches-py/data_batch_1', 'cifar10_data/cifar-10-batches-py/data_batch_2', 'cifar10_data/cifar-10-batches-py/data_batch_3', 'cifar10_data/cifar-10-batches-py/data_batch_4', 'cifar10_data/cifar-10-batches-py/data_batch_5']
Reading images from cifar10_data/cifar-10-batches-py/data_batch_1
Reading images from cifar10_data/cifar-10-batches-py/data_batch_2
Reading images from cifar10_data/cifar-10-batches-py/data_batch_3
Reading images from cifar10_data/cifar-10-batches-py/data_batch_4
Reading images from cifar10_data/cifar-10-batches-py/data_batch_5
Shuffling
['cifar10_data/cifar-10-batches-py/test_batch']
Reading images from cifar10_data/cifar-10-batches-py/test_batch
Shuffling
WARNING:tensorflow:From /home/work/anaconda/lib/python3.6/site-packages/tensorflow/python/framework/op_def_library.py:263: colocate_with (from tensorflow.python.framework.ops) is deprecated and will be removed in a future version.
Instructions for updating:
Colocations handled automatically by placer.
WARNING:tensorflow:From /cache/user-job-dir/code/resNeXt.py:56: UniformUnitScaling.__init__ (from tensorflow.python.ops.init_ops) is deprecated and will be removed in a future version.
Instructions for updating:
Use tf.initializers.variance_scaling instead with distribution=uniform to get equivalent behavior.
WARNING:tensorflow:From code/cifar10_train.py:279: to_float (from tensorflow.python.ops.math_ops) is deprecated and will be removed in a future version.
Instructions for updating:
Use tf.cast instead.
WARNING:tensorflow:From /home/work/anaconda/lib/python3.6/site-packages/tensorflow/python/ops/math_ops.py:3066: to_int32 (from tensorflow.python.ops.math_ops) is deprecated and will be removed in a future version.
Instructions for updating:
Use tf.cast instead.
WARNING:tensorflow:From code/cifar10_train.py:85: all_variables (from tensorflow.python.ops.variables) is deprecated and will be removed after 2017-03-02.
Instructions for updating:
Please use tf.global_variables instead.
WARNING:tensorflow:From /home/work/anaconda/lib/python3.6/site-packages/tensorflow/python/util/tf_should_use.py:193: initialize_all_variables (from tensorflow.python.ops.variables) is deprecated and will be removed after 2017-03-02.
Instructions for updating:
Use `tf.global_variables_initializer` instead.
2020-11-16 17:24:52.445321: I tensorflow/core/platform/cpu_feature_guard.cc:141] Your CPU supports instructions that this TensorFlow binary was not compiled to use: AVX2 AVX512F FMA
2020-11-16 17:24:52.630725: I tensorflow/compiler/xla/service/service.cc:150] XLA service 0x55a0bd700aa0 executing computations on platform CUDA. Devices:
2020-11-16 17:24:52.630767: I tensorflow/compiler/xla/service/service.cc:158]   StreamExecutor device (0): Tesla V100-PCIE-32GB, Compute Capability 7.0
2020-11-16 17:24:52.649229: I tensorflow/core/platform/profile_utils/cpu_utils.cc:94] CPU Frequency: 3000000000 Hz
2020-11-16 17:24:52.649638: I tensorflow/compiler/xla/service/service.cc:150] XLA service 0x55a0bd81c4e0 executing computations on platform Host. Devices:
2020-11-16 17:24:52.649668: I tensorflow/compiler/xla/service/service.cc:158]   StreamExecutor device (0): <undefined>, <undefined>
2020-11-16 17:24:52.649817: I tensorflow/core/common_runtime/gpu/gpu_device.cc:1433] Found device 0 with properties: 
name: Tesla V100-PCIE-32GB major: 7 minor: 0 memoryClockRate(GHz): 1.38
pciBusID: 0000:21:01.0
totalMemory: 31.75GiB freeMemory: 31.44GiB
2020-11-16 17:24:52.649840: I tensorflow/core/common_runtime/gpu/gpu_device.cc:1512] Adding visible gpu devices: 0
2020-11-16 17:24:52.651791: I tensorflow/core/common_runtime/gpu/gpu_device.cc:984] Device interconnect StreamExecutor with strength 1 edge matrix:
2020-11-16 17:24:52.651819: I tensorflow/core/common_runtime/gpu/gpu_device.cc:990]      0 
2020-11-16 17:24:52.651825: I tensorflow/core/common_runtime/gpu/gpu_device.cc:1003] 0:   N 
2020-11-16 17:24:52.651911: I tensorflow/core/common_runtime/gpu/gpu_device.cc:1115] Created TensorFlow device (/job:localhost/replica:0/task:0/device:GPU:0 with 30583 MB memory) -> physical GPU (device: 0, name: Tesla V100-PCIE-32GB, pci bus id: 0000:21:01.0, compute capability: 7.0)
Start training...
----------------------------
2020-11-16 17:25:10.796231: I tensorflow/stream_executor/dso_loader.cc:152] successfully opened CUDA library libcublas.so.10.0 locally
2020-11-16 17:26:06.594276: step 0, loss = 14.9342 (4.4 examples/sec; 28.788 sec/batch)
Train top1 error =  0.8984375
Validation top1 error = 0.8998
Validation loss =  5.647208
----------------------------
2020-11-16 17:30:00.780074: step 391, loss = 10.3572 (238.7 examples/sec; 0.536 sec/batch)
Train top1 error =  0.6171875
Validation top1 error = 0.6003
Validation loss =  1.6092707
----------------------------
2020-11-16 17:33:48.635556: step 782, loss = 10.0813 (238.6 examples/sec; 0.536 sec/batch)
Train top1 error =  0.4609375
Validation top1 error = 0.5254
Validation loss =  1.4521738
----------------------------
2020-11-16 17:37:36.703368: step 1173, loss = 10.0680 (238.5 examples/sec; 0.537 sec/batch)
Train top1 error =  0.46875
Validation top1 error = 0.4820
Validation loss =  1.3581822
----------------------------
2020-11-16 17:41:25.393783: step 1564, loss = 9.9319 (238.8 examples/sec; 0.536 sec/batch)
Train top1 error =  0.5
Validation top1 error = 0.4429
Validation loss =  1.2483271
----------------------------
2020-11-16 17:45:13.510884: step 1955, loss = 9.8053 (238.5 examples/sec; 0.537 sec/batch)
Train top1 error =  0.4296875
Validation top1 error = 0.4077
Validation loss =  1.1641124
----------------------------
2020-11-16 17:49:01.523630: step 2346, loss = 9.5040 (238.7 examples/sec; 0.536 sec/batch)
Train top1 error =  0.3984375
Validation top1 error = 0.4015
Validation loss =  1.1205547
----------------------------
2020-11-16 17:52:49.492254: step 2737, loss = 9.4244 (238.7 examples/sec; 0.536 sec/batch)
Train top1 error =  0.328125
Validation top1 error = 0.3713
Validation loss =  1.0512435
----------------------------
2020-11-16 17:56:37.572348: step 3128, loss = 9.4472 (236.3 examples/sec; 0.542 sec/batch)
Train top1 error =  0.34375
Validation top1 error = 0.3588
Validation loss =  1.002086
----------------------------
2020-11-16 18:00:25.588665: step 3519, loss = 9.3352 (237.4 examples/sec; 0.539 sec/batch)
Train top1 error =  0.3125
Validation top1 error = 0.3412
Validation loss =  0.97023803
----------------------------
2020-11-16 18:04:13.625553: step 3910, loss = 9.1252 (238.2 examples/sec; 0.537 sec/batch)
Train top1 error =  0.3046875
Validation top1 error = 0.3333
Validation loss =  0.94038564
----------------------------
2020-11-16 18:08:01.847211: step 4301, loss = 9.2615 (238.6 examples/sec; 0.537 sec/batch)
Train top1 error =  0.3046875
Validation top1 error = 0.3423
Validation loss =  0.97262156
----------------------------
2020-11-16 18:11:49.778583: step 4692, loss = 9.0431 (238.8 examples/sec; 0.536 sec/batch)
Train top1 error =  0.2109375
Validation top1 error = 0.3002
Validation loss =  0.8597616
----------------------------
2020-11-16 18:15:37.790960: step 5083, loss = 8.8913 (238.8 examples/sec; 0.536 sec/batch)
Train top1 error =  0.2109375
Validation top1 error = 0.3058
Validation loss =  0.87917864
----------------------------
2020-11-16 18:19:25.699595: step 5474, loss = 8.8257 (238.7 examples/sec; 0.536 sec/batch)
Train top1 error =  0.2421875
Validation top1 error = 0.3021
Validation loss =  0.88408566
----------------------------
2020-11-16 18:23:13.714798: step 5865, loss = 8.7940 (238.6 examples/sec; 0.536 sec/batch)
Train top1 error =  0.21875
Validation top1 error = 0.2827
Validation loss =  0.8180951
----------------------------
