mkdir: cannot create directory ‘logs’: File exists
[ModelArts Service Log]modelarts-pipe: will create log file /tmp/log/MA-ResNeXt-in-tensorflow-master-11-03-14-34.log
[ModelArts Service Log]modelarts-pipe: will create log file /tmp/log/MA-ResNeXt-in-tensorflow-master-11-03-14-34.log
[ModelArts Service Log]modelarts-pipe: will write log file /tmp/log/MA-ResNeXt-in-tensorflow-master-11-03-14-34.log
[ModelArts Service Log]modelarts-pipe: param for max log length: 1073741824
[ModelArts Service Log]modelarts-pipe: param for whether exit on overflow: 0
do nothing
[Modelarts Service Log]user: uid=1101(work) gid=1101(work) groups=1101(work)
[Modelarts Service Log]pwd: /home/work
[Modelarts Service Log]app_url: s3://resnext-tk/MA-ResNeXt-in-tensorflow-master-11-03-14-34/code/
[Modelarts Service Log]boot_file: code/cifar10_train.py
[Modelarts Service Log]log_url: /tmp/log/MA-ResNeXt-in-tensorflow-master-11-03-14-34.log
[Modelarts Service Log]command: code/cifar10_train.py --data_url=s3://resnext-tk/ResNeXt-in-tensorflow-master/cifar10_data/cifar-10-batches-py/ --train_url=s3://resnext-tk/MA-ResNeXt-in-tensorflow-master-11-03-14-34/output/V0015/ --num_gpus=1
[Modelarts Service Log]MODELARTS_IPOIB_DEVICE: 
[Modelarts Service Log]dependencies_file_dir: /home/work/user-job-dir/code
[Modelarts Service Log][modelarts_create_log] modelarts-pipe found
[Modelarts Service Log]handle inputs of training job
INFO:root:Using MoXing-v1.17.3-4c644d5b
INFO:root:Using OBS-Python-SDK-3.20.7
[ModelArts Service Log][INFO][2020/11/09 18:17:57]: env MA_INPUTS is not found, skip the inputs handler
INFO:root:Using MoXing-v1.17.3-4c644d5b
INFO:root:Using OBS-Python-SDK-3.20.7
[ModelArts Service Log]2020-11-09 18:17:58,731 - modelarts-downloader.py[line:619] - INFO: Main: modelarts-downloader starting with Namespace(dst='./', recursive=True, skip_creating_dir=False, src='s3://resnext-tk/MA-ResNeXt-in-tensorflow-master-11-03-14-34/code/', trace=False, type='common', verbose=False)
/home/work/user-job-dir
[Modelarts Service Log][modelarts_logger] modelarts-pipe found
WARNING: The TensorFlow contrib module will not be included in TensorFlow 2.0.
For more information, please see:
  * https://github.com/tensorflow/community/blob/master/rfcs/20180907-contrib-sunset.md
  * https://github.com/tensorflow/addons
If you depend on functionality not listed there, please file an issue.
Successfully downloaded cifar-10-python.tar.gz 170498071 bytes.
['cifar10_data/cifar-10-batches-py/data_batch_1', 'cifar10_data/cifar-10-batches-py/data_batch_2', 'cifar10_data/cifar-10-batches-py/data_batch_3', 'cifar10_data/cifar-10-batches-py/data_batch_4', 'cifar10_data/cifar-10-batches-py/data_batch_5']
Reading images from cifar10_data/cifar-10-batches-py/data_batch_1
Reading images from cifar10_data/cifar-10-batches-py/data_batch_2
Reading images from cifar10_data/cifar-10-batches-py/data_batch_3
Reading images from cifar10_data/cifar-10-batches-py/data_batch_4
Reading images from cifar10_data/cifar-10-batches-py/data_batch_5
Shuffling
['cifar10_data/cifar-10-batches-py/test_batch']
Reading images from cifar10_data/cifar-10-batches-py/test_batch
Shuffling
WARNING:tensorflow:From /home/work/anaconda/lib/python3.6/site-packages/tensorflow/python/framework/op_def_library.py:263: colocate_with (from tensorflow.python.framework.ops) is deprecated and will be removed in a future version.
Instructions for updating:
Colocations handled automatically by placer.
WARNING:tensorflow:From /cache/user-job-dir/code/resNeXt.py:56: UniformUnitScaling.__init__ (from tensorflow.python.ops.init_ops) is deprecated and will be removed in a future version.
Instructions for updating:
Use tf.initializers.variance_scaling instead with distribution=uniform to get equivalent behavior.
WARNING:tensorflow:From code/cifar10_train.py:274: to_float (from tensorflow.python.ops.math_ops) is deprecated and will be removed in a future version.
Instructions for updating:
Use tf.cast instead.
WARNING:tensorflow:From /home/work/anaconda/lib/python3.6/site-packages/tensorflow/python/ops/math_ops.py:3066: to_int32 (from tensorflow.python.ops.math_ops) is deprecated and will be removed in a future version.
Instructions for updating:
Use tf.cast instead.
WARNING:tensorflow:From code/cifar10_train.py:85: all_variables (from tensorflow.python.ops.variables) is deprecated and will be removed after 2017-03-02.
Instructions for updating:
Please use tf.global_variables instead.
WARNING:tensorflow:From /home/work/anaconda/lib/python3.6/site-packages/tensorflow/python/util/tf_should_use.py:193: initialize_all_variables (from tensorflow.python.ops.variables) is deprecated and will be removed after 2017-03-02.
Instructions for updating:
Use `tf.global_variables_initializer` instead.
2020-11-09 18:18:23.400755: I tensorflow/core/platform/cpu_feature_guard.cc:141] Your CPU supports instructions that this TensorFlow binary was not compiled to use: AVX2 AVX512F FMA
2020-11-09 18:18:23.585638: I tensorflow/compiler/xla/service/service.cc:150] XLA service 0x556dff366a40 executing computations on platform CUDA. Devices:
2020-11-09 18:18:23.585675: I tensorflow/compiler/xla/service/service.cc:158]   StreamExecutor device (0): Tesla V100-PCIE-32GB, Compute Capability 7.0
2020-11-09 18:18:23.601085: I tensorflow/core/platform/profile_utils/cpu_utils.cc:94] CPU Frequency: 3000000000 Hz
2020-11-09 18:18:23.601439: I tensorflow/compiler/xla/service/service.cc:150] XLA service 0x556dff482120 executing computations on platform Host. Devices:
2020-11-09 18:18:23.601474: I tensorflow/compiler/xla/service/service.cc:158]   StreamExecutor device (0): <undefined>, <undefined>
2020-11-09 18:18:23.601617: I tensorflow/core/common_runtime/gpu/gpu_device.cc:1433] Found device 0 with properties: 
name: Tesla V100-PCIE-32GB major: 7 minor: 0 memoryClockRate(GHz): 1.38
pciBusID: 0000:21:01.0
totalMemory: 31.75GiB freeMemory: 31.44GiB
2020-11-09 18:18:23.601639: I tensorflow/core/common_runtime/gpu/gpu_device.cc:1512] Adding visible gpu devices: 0
2020-11-09 18:18:23.604849: I tensorflow/core/common_runtime/gpu/gpu_device.cc:984] Device interconnect StreamExecutor with strength 1 edge matrix:
2020-11-09 18:18:23.604874: I tensorflow/core/common_runtime/gpu/gpu_device.cc:990]      0 
2020-11-09 18:18:23.604880: I tensorflow/core/common_runtime/gpu/gpu_device.cc:1003] 0:   N 
2020-11-09 18:18:23.604972: I tensorflow/core/common_runtime/gpu/gpu_device.cc:1115] Created TensorFlow device (/job:localhost/replica:0/task:0/device:GPU:0 with 30583 MB memory) -> physical GPU (device: 0, name: Tesla V100-PCIE-32GB, pci bus id: 0000:21:01.0, compute capability: 7.0)
Start training...
----------------------------
2020-11-09 18:18:28.142337: I tensorflow/stream_executor/dso_loader.cc:152] successfully opened CUDA library libcublas.so.10.0 locally
2020-11-09 18:18:38.006297: step 0, loss = 4.1765 (40.9 examples/sec; 3.126 sec/batch)
Train top1 error =  0.90625
Validation top1 error = 0.8909
Validation loss =  2.9800854
----------------------------
2020-11-09 18:19:20.817916: step 391, loss = 2.8649 (1420.3 examples/sec; 0.090 sec/batch)
Train top1 error =  0.625
Validation top1 error = 0.5908
Validation loss =  1.5902716
----------------------------
2020-11-09 18:20:02.882203: step 782, loss = 2.7988 (1418.3 examples/sec; 0.090 sec/batch)
Train top1 error =  0.5859375
Validation top1 error = 0.5215
Validation loss =  1.4488825
----------------------------
2020-11-09 18:20:44.973063: step 1173, loss = 2.6202 (1420.4 examples/sec; 0.090 sec/batch)
Train top1 error =  0.5390625
Validation top1 error = 0.4698
Validation loss =  1.3232852
----------------------------
2020-11-09 18:21:27.126916: step 1564, loss = 2.4643 (1424.3 examples/sec; 0.090 sec/batch)
Train top1 error =  0.40625
Validation top1 error = 0.4534
Validation loss =  1.2582145
----------------------------
2020-11-09 18:22:09.186646: step 1955, loss = 2.2687 (1421.0 examples/sec; 0.090 sec/batch)
Train top1 error =  0.359375
Validation top1 error = 0.4250
Validation loss =  1.1927131
----------------------------
2020-11-09 18:22:51.285497: step 2346, loss = 2.3828 (1415.0 examples/sec; 0.090 sec/batch)
Train top1 error =  0.3984375
Validation top1 error = 0.4099
Validation loss =  1.1292565
----------------------------
2020-11-09 18:23:33.338362: step 2737, loss = 2.1611 (1420.5 examples/sec; 0.090 sec/batch)
Train top1 error =  0.296875
Validation top1 error = 0.3786
Validation loss =  1.0544201
----------------------------
2020-11-09 18:24:15.440202: step 3128, loss = 2.2140 (1422.9 examples/sec; 0.090 sec/batch)
Train top1 error =  0.34375
Validation top1 error = 0.3812
Validation loss =  1.0461658
----------------------------
2020-11-09 18:24:57.644772: step 3519, loss = 2.3285 (1422.4 examples/sec; 0.090 sec/batch)
Train top1 error =  0.328125
Validation top1 error = 0.3657
Validation loss =  1.034992
----------------------------
2020-11-09 18:25:39.843878: step 3910, loss = 2.0177 (1423.8 examples/sec; 0.090 sec/batch)
Train top1 error =  0.2734375
Validation top1 error = 0.3508
Validation loss =  0.98839724
----------------------------
2020-11-09 18:26:21.937523: step 4301, loss = 2.0811 (1417.0 examples/sec; 0.090 sec/batch)
Train top1 error =  0.28125
Validation top1 error = 0.3360
Validation loss =  0.9438022
----------------------------
2020-11-09 18:27:04.115258: step 4692, loss = 1.9038 (1422.0 examples/sec; 0.090 sec/batch)
Train top1 error =  0.21875
Validation top1 error = 0.3280
Validation loss =  0.9319328
----------------------------
2020-11-09 18:27:46.185057: step 5083, loss = 1.9070 (1419.5 examples/sec; 0.090 sec/batch)
Train top1 error =  0.2578125
Validation top1 error = 0.3238
Validation loss =  0.9384106
----------------------------
2020-11-09 18:28:28.335638: step 5474, loss = 1.9267 (1421.1 examples/sec; 0.090 sec/batch)
Train top1 error =  0.265625
Validation top1 error = 0.3056
Validation loss =  0.8851007
----------------------------
2020-11-09 18:29:10.469915: step 5865, loss = 1.8978 (1420.9 examples/sec; 0.090 sec/batch)
Train top1 error =  0.265625
Validation top1 error = 0.3127
Validation loss =  0.88736355
----------------------------
2020-11-09 18:29:52.525014: step 6256, loss = 1.9078 (1421.3 examples/sec; 0.090 sec/batch)
Train top1 error =  0.265625
Validation top1 error = 0.2928
Validation loss =  0.84661996
----------------------------
2020-11-09 18:30:34.634153: step 6647, loss = 1.8858 (1419.2 examples/sec; 0.090 sec/batch)
Train top1 error =  0.234375
Validation top1 error = 0.2943
Validation loss =  0.8488585
----------------------------
2020-11-09 18:31:16.819801: step 7038, loss = 1.8235 (1420.3 examples/sec; 0.090 sec/batch)
Train top1 error =  0.2578125
Validation top1 error = 0.2785
Validation loss =  0.8213301
----------------------------
2020-11-09 18:31:58.935331: step 7429, loss = 1.8796 (1419.4 examples/sec; 0.090 sec/batch)
Train top1 error =  0.2265625
Validation top1 error = 0.2773
Validation loss =  0.80960786
----------------------------
2020-11-09 18:32:41.127272: step 7820, loss = 1.7358 (1418.8 examples/sec; 0.090 sec/batch)
Train top1 error =  0.1796875
Validation top1 error = 0.2591
Validation loss =  0.74114335
----------------------------
2020-11-09 18:33:23.286184: step 8211, loss = 1.7104 (1423.2 examples/sec; 0.090 sec/batch)
Train top1 error =  0.1796875
Validation top1 error = 0.2840
Validation loss =  0.80695474
----------------------------
2020-11-09 18:34:05.319497: step 8602, loss = 1.6978 (1420.7 examples/sec; 0.090 sec/batch)
Train top1 error =  0.1640625
Validation top1 error = 0.2613
Validation loss =  0.7683837
----------------------------
2020-11-09 18:34:47.377588: step 8993, loss = 1.7780 (1422.4 examples/sec; 0.090 sec/batch)
Train top1 error =  0.2265625
Validation top1 error = 0.2589
Validation loss =  0.7499122
----------------------------
2020-11-09 18:35:29.539309: step 9384, loss = 1.6283 (1422.0 examples/sec; 0.090 sec/batch)
Train top1 error =  0.15625
Validation top1 error = 0.2539
Validation loss =  0.7412061
----------------------------
2020-11-09 18:36:11.622424: step 9775, loss = 1.6211 (1417.1 examples/sec; 0.090 sec/batch)
Train top1 error =  0.1328125
Validation top1 error = 0.2529
Validation loss =  0.73963815
----------------------------
2020-11-09 18:36:54.178868: step 10166, loss = 1.6134 (1416.8 examples/sec; 0.090 sec/batch)
Train top1 error =  0.1640625
Validation top1 error = 0.2503
Validation loss =  0.7365266
----------------------------
2020-11-09 18:37:36.253417: step 10557, loss = 1.5903 (1421.6 examples/sec; 0.090 sec/batch)
Train top1 error =  0.140625
Validation top1 error = 0.2393
Validation loss =  0.7062614
----------------------------
2020-11-09 18:38:18.298212: step 10948, loss = 1.6581 (1422.0 examples/sec; 0.090 sec/batch)
Train top1 error =  0.1796875
Validation top1 error = 0.2353
Validation loss =  0.6974265
----------------------------
2020-11-09 18:39:00.503913: step 11339, loss = 1.5910 (1421.7 examples/sec; 0.090 sec/batch)
Train top1 error =  0.15625
Validation top1 error = 0.2444
Validation loss =  0.7311019
----------------------------
2020-11-09 18:39:42.794180: step 11730, loss = 1.5015 (1422.9 examples/sec; 0.090 sec/batch)
Train top1 error =  0.1328125
Validation top1 error = 0.2348
Validation loss =  0.6969541
----------------------------
2020-11-09 18:40:24.812962: step 12121, loss = 1.4497 (1429.1 examples/sec; 0.090 sec/batch)
Train top1 error =  0.1171875
Validation top1 error = 0.2406
Validation loss =  0.69593036
----------------------------
2020-11-09 18:41:06.872430: step 12512, loss = 1.5112 (1419.9 examples/sec; 0.090 sec/batch)
Train top1 error =  0.15625
Validation top1 error = 0.2329
Validation loss =  0.66905504
----------------------------
2020-11-09 18:41:49.021769: step 12903, loss = 1.4449 (1420.6 examples/sec; 0.090 sec/batch)
Train top1 error =  0.1171875
Validation top1 error = 0.2185
Validation loss =  0.639182
----------------------------
2020-11-09 18:42:31.176788: step 13294, loss = 1.4846 (1412.9 examples/sec; 0.091 sec/batch)
Train top1 error =  0.140625
Validation top1 error = 0.2249
Validation loss =  0.682798
----------------------------
2020-11-09 18:43:13.307857: step 13685, loss = 1.5071 (1423.6 examples/sec; 0.090 sec/batch)
Train top1 error =  0.171875
Validation top1 error = 0.2159
Validation loss =  0.6387462
----------------------------
2020-11-09 18:43:55.455333: step 14076, loss = 1.5284 (1419.6 examples/sec; 0.090 sec/batch)
Train top1 error =  0.140625
Validation top1 error = 0.2222
Validation loss =  0.67017144
----------------------------
2020-11-09 18:44:37.555650: step 14467, loss = 1.4172 (1422.2 examples/sec; 0.090 sec/batch)
Train top1 error =  0.1328125
Validation top1 error = 0.2202
Validation loss =  0.66304445
----------------------------
2020-11-09 18:45:19.582708: step 14858, loss = 1.5327 (1420.0 examples/sec; 0.090 sec/batch)
Train top1 error =  0.140625
Validation top1 error = 0.2198
Validation loss =  0.6619401
----------------------------
2020-11-09 18:46:01.701945: step 15249, loss = 1.4916 (1428.3 examples/sec; 0.090 sec/batch)
Train top1 error =  0.125
Validation top1 error = 0.2133
Validation loss =  0.6481004
----------------------------
2020-11-09 18:46:43.888190: step 15640, loss = 1.4907 (1422.0 examples/sec; 0.090 sec/batch)
Train top1 error =  0.1640625
Validation top1 error = 0.2112
Validation loss =  0.64826787
----------------------------
2020-11-09 18:47:25.984174: step 16031, loss = 1.4530 (1419.2 examples/sec; 0.090 sec/batch)
Train top1 error =  0.1328125
Validation top1 error = 0.2135
Validation loss =  0.6676676
----------------------------
2020-11-09 18:48:08.167870: step 16422, loss = 1.2402 (1426.3 examples/sec; 0.090 sec/batch)
Train top1 error =  0.0546875
Validation top1 error = 0.2093
Validation loss =  0.6307119
----------------------------
2020-11-09 18:48:50.325841: step 16813, loss = 1.3731 (1420.0 examples/sec; 0.090 sec/batch)
Train top1 error =  0.1171875
Validation top1 error = 0.2036
Validation loss =  0.6256894
----------------------------
2020-11-09 18:49:32.459631: step 17204, loss = 1.2440 (1423.2 examples/sec; 0.090 sec/batch)
Train top1 error =  0.0546875
Validation top1 error = 0.2091
Validation loss =  0.64528
----------------------------
2020-11-09 18:50:14.529474: step 17595, loss = 1.3724 (1419.8 examples/sec; 0.090 sec/batch)
Train top1 error =  0.1171875
Validation top1 error = 0.2044
Validation loss =  0.62673676
----------------------------
2020-11-09 18:50:56.596583: step 17986, loss = 1.2952 (1421.9 examples/sec; 0.090 sec/batch)
Train top1 error =  0.0859375
Validation top1 error = 0.2055
Validation loss =  0.6445112
----------------------------
2020-11-09 18:51:38.686153: step 18377, loss = 1.3792 (1418.4 examples/sec; 0.090 sec/batch)
Train top1 error =  0.1328125
Validation top1 error = 0.2103
Validation loss =  0.65658927
----------------------------
2020-11-09 18:52:20.723967: step 18768, loss = 1.3116 (1416.6 examples/sec; 0.090 sec/batch)
Train top1 error =  0.078125
Validation top1 error = 0.1988
Validation loss =  0.62822247
----------------------------
2020-11-09 18:53:02.780133: step 19159, loss = 1.2903 (1422.8 examples/sec; 0.090 sec/batch)
Train top1 error =  0.09375
Validation top1 error = 0.1989
Validation loss =  0.63496506
----------------------------
2020-11-09 18:53:44.795947: step 19550, loss = 1.1969 (1419.3 examples/sec; 0.090 sec/batch)
Train top1 error =  0.0546875
Validation top1 error = 0.1879
Validation loss =  0.59164065
----------------------------
2020-11-09 18:54:26.936690: step 19941, loss = 1.2776 (1417.2 examples/sec; 0.090 sec/batch)
Train top1 error =  0.1015625
Validation top1 error = 0.1971
Validation loss =  0.63073814
----------------------------
2020-11-09 18:55:09.611293: step 20332, loss = 1.2205 (1417.1 examples/sec; 0.090 sec/batch)
Train top1 error =  0.09375
Validation top1 error = 0.2006
Validation loss =  0.6463429
----------------------------
2020-11-09 18:55:51.743286: step 20723, loss = 1.2469 (1413.3 examples/sec; 0.091 sec/batch)
Train top1 error =  0.09375
Validation top1 error = 0.2011
Validation loss =  0.6367884
----------------------------
2020-11-09 18:56:33.843621: step 21114, loss = 1.2927 (1418.4 examples/sec; 0.090 sec/batch)
Train top1 error =  0.109375
Validation top1 error = 0.1867
Validation loss =  0.61071527
----------------------------
2020-11-09 18:57:15.910682: step 21505, loss = 1.1149 (1419.8 examples/sec; 0.090 sec/batch)
Train top1 error =  0.03125
Validation top1 error = 0.1858
Validation loss =  0.60093623
----------------------------
2020-11-09 18:57:58.015513: step 21896, loss = 1.1897 (1420.3 examples/sec; 0.090 sec/batch)
Train top1 error =  0.046875
Validation top1 error = 0.1843
Validation loss =  0.6033931
----------------------------
2020-11-09 18:58:40.215104: step 22287, loss = 1.2177 (1406.1 examples/sec; 0.091 sec/batch)
Train top1 error =  0.0625
Validation top1 error = 0.1989
Validation loss =  0.64308536
----------------------------
2020-11-09 18:59:22.396486: step 22678, loss = 1.1453 (1421.4 examples/sec; 0.090 sec/batch)
Train top1 error =  0.0390625
Validation top1 error = 0.1870
Validation loss =  0.61369485
----------------------------
2020-11-09 19:00:04.558265: step 23069, loss = 1.1630 (1417.2 examples/sec; 0.090 sec/batch)
Train top1 error =  0.046875
Validation top1 error = 0.1905
Validation loss =  0.62112063
----------------------------
2020-11-09 19:00:46.594675: step 23460, loss = 1.1873 (1421.1 examples/sec; 0.090 sec/batch)
Train top1 error =  0.078125
Validation top1 error = 0.1930
Validation loss =  0.6415926
----------------------------
2020-11-09 19:01:28.675542: step 23851, loss = 1.1355 (1415.0 examples/sec; 0.090 sec/batch)
Train top1 error =  0.0390625
Validation top1 error = 0.1918
Validation loss =  0.61488616
----------------------------
2020-11-09 19:02:10.767419: step 24242, loss = 1.1683 (1424.6 examples/sec; 0.090 sec/batch)
Train top1 error =  0.078125
Validation top1 error = 0.1874
Validation loss =  0.63023794
----------------------------
2020-11-09 19:02:52.847339: step 24633, loss = 1.1627 (1409.8 examples/sec; 0.091 sec/batch)
Train top1 error =  0.0859375
Validation top1 error = 0.1984
Validation loss =  0.6584274
----------------------------
2020-11-09 19:03:34.897180: step 25024, loss = 1.2389 (1427.9 examples/sec; 0.090 sec/batch)
Train top1 error =  0.109375
Validation top1 error = 0.1908
Validation loss =  0.626042
----------------------------
2020-11-09 19:04:16.961502: step 25415, loss = 1.0572 (1422.8 examples/sec; 0.090 sec/batch)
Train top1 error =  0.0546875
Validation top1 error = 0.1871
Validation loss =  0.6446129
----------------------------
2020-11-09 19:04:59.151601: step 25806, loss = 1.0513 (1417.7 examples/sec; 0.090 sec/batch)
Train top1 error =  0.046875
Validation top1 error = 0.1796
Validation loss =  0.621771
----------------------------
2020-11-09 19:05:41.228967: step 26197, loss = 1.0399 (1417.8 examples/sec; 0.090 sec/batch)
Train top1 error =  0.0234375
Validation top1 error = 0.1865
Validation loss =  0.63861215
----------------------------
2020-11-09 19:06:23.313823: step 26588, loss = 1.0886 (1419.1 examples/sec; 0.090 sec/batch)
Train top1 error =  0.0546875
Validation top1 error = 0.1900
Validation loss =  0.63085574
----------------------------
2020-11-09 19:07:05.514179: step 26979, loss = 1.1125 (1421.3 examples/sec; 0.090 sec/batch)
Train top1 error =  0.0546875
Validation top1 error = 0.1822
Validation loss =  0.6402222
----------------------------
2020-11-09 19:07:47.575417: step 27370, loss = 1.1157 (1418.0 examples/sec; 0.090 sec/batch)
Train top1 error =  0.0703125
Validation top1 error = 0.1928
Validation loss =  0.6870593
----------------------------
