do nothing
[Modelarts Service Log]user: uid=1101(work) gid=1101(work) groups=1101(work)
[Modelarts Service Log]pwd: /home/work
[Modelarts Service Log]app_url: s3://resnext-tk/MA-ResNeXt-in-tensorflow-master-11-03-14-34/code/
[Modelarts Service Log]boot_file: code/cifar10_train.py
[Modelarts Service Log]log_url: /tmp/log/MA-ResNeXt-in-tensorflow-master-11-03-14-34.log
[Modelarts Service Log]command: code/cifar10_train.py --data_url=s3://resnext-tk/ResNeXt-in-tensorflow-master/cifar10_data/cifar-10-batches-py/ --train_url=s3://resnext-tk/MA-ResNeXt-in-tensorflow-master-11-03-14-34/output/V0016/ --num_gpus=1
[Modelarts Service Log]MODELARTS_IPOIB_DEVICE: 
[Modelarts Service Log]dependencies_file_dir: /home/work/user-job-dir/code
[Modelarts Service Log][modelarts_create_log] modelarts-pipe found
[Modelarts Service Log]handle inputs of training job
INFO:root:Using MoXing-v1.17.3-4c644d5b
INFO:root:Using OBS-Python-SDK-3.20.7
[ModelArts Service Log][INFO][2020/11/09 19:09:06]: env MA_INPUTS is not found, skip the inputs handler
INFO:root:Using MoXing-v1.17.3-4c644d5b
INFO:root:Using OBS-Python-SDK-3.20.7
[ModelArts Service Log]2020-11-09 19:09:07,275 - modelarts-downloader.py[line:619] - INFO: Main: modelarts-downloader starting with Namespace(dst='./', recursive=True, skip_creating_dir=False, src='s3://resnext-tk/MA-ResNeXt-in-tensorflow-master-11-03-14-34/code/', trace=False, type='common', verbose=False)
/home/work/user-job-dir
[Modelarts Service Log][modelarts_logger] modelarts-pipe found
WARNING: The TensorFlow contrib module will not be included in TensorFlow 2.0.
For more information, please see:
  * https://github.com/tensorflow/community/blob/master/rfcs/20180907-contrib-sunset.md
  * https://github.com/tensorflow/addons
If you depend on functionality not listed there, please file an issue.
Successfully downloaded cifar-10-python.tar.gz 170498071 bytes.
['cifar10_data/cifar-10-batches-py/data_batch_1', 'cifar10_data/cifar-10-batches-py/data_batch_2', 'cifar10_data/cifar-10-batches-py/data_batch_3', 'cifar10_data/cifar-10-batches-py/data_batch_4', 'cifar10_data/cifar-10-batches-py/data_batch_5']
Reading images from cifar10_data/cifar-10-batches-py/data_batch_1
Reading images from cifar10_data/cifar-10-batches-py/data_batch_2
Reading images from cifar10_data/cifar-10-batches-py/data_batch_3
Reading images from cifar10_data/cifar-10-batches-py/data_batch_4
Reading images from cifar10_data/cifar-10-batches-py/data_batch_5
Shuffling
['cifar10_data/cifar-10-batches-py/test_batch']
Reading images from cifar10_data/cifar-10-batches-py/test_batch
Shuffling
WARNING:tensorflow:From /home/work/anaconda/lib/python3.6/site-packages/tensorflow/python/framework/op_def_library.py:263: colocate_with (from tensorflow.python.framework.ops) is deprecated and will be removed in a future version.
Instructions for updating:
Colocations handled automatically by placer.
WARNING:tensorflow:From /cache/user-job-dir/code/resNeXt.py:56: UniformUnitScaling.__init__ (from tensorflow.python.ops.init_ops) is deprecated and will be removed in a future version.
Instructions for updating:
Use tf.initializers.variance_scaling instead with distribution=uniform to get equivalent behavior.
WARNING:tensorflow:From code/cifar10_train.py:283: to_float (from tensorflow.python.ops.math_ops) is deprecated and will be removed in a future version.
Instructions for updating:
Use tf.cast instead.
WARNING:tensorflow:From /home/work/anaconda/lib/python3.6/site-packages/tensorflow/python/ops/math_ops.py:3066: to_int32 (from tensorflow.python.ops.math_ops) is deprecated and will be removed in a future version.
Instructions for updating:
Use tf.cast instead.
WARNING:tensorflow:From code/cifar10_train.py:85: all_variables (from tensorflow.python.ops.variables) is deprecated and will be removed after 2017-03-02.
Instructions for updating:
Please use tf.global_variables instead.
WARNING:tensorflow:From /home/work/anaconda/lib/python3.6/site-packages/tensorflow/python/util/tf_should_use.py:193: initialize_all_variables (from tensorflow.python.ops.variables) is deprecated and will be removed after 2017-03-02.
Instructions for updating:
Use `tf.global_variables_initializer` instead.
2020-11-09 19:09:27.821143: I tensorflow/core/platform/cpu_feature_guard.cc:141] Your CPU supports instructions that this TensorFlow binary was not compiled to use: AVX2 AVX512F FMA
2020-11-09 19:09:28.003334: I tensorflow/compiler/xla/service/service.cc:150] XLA service 0x5578ac54c610 executing computations on platform CUDA. Devices:
2020-11-09 19:09:28.003372: I tensorflow/compiler/xla/service/service.cc:158]   StreamExecutor device (0): Tesla V100-PCIE-32GB, Compute Capability 7.0
2020-11-09 19:09:28.019720: I tensorflow/core/platform/profile_utils/cpu_utils.cc:94] CPU Frequency: 3000000000 Hz
2020-11-09 19:09:28.021315: I tensorflow/compiler/xla/service/service.cc:150] XLA service 0x5578ac6680a0 executing computations on platform Host. Devices:
2020-11-09 19:09:28.021346: I tensorflow/compiler/xla/service/service.cc:158]   StreamExecutor device (0): <undefined>, <undefined>
2020-11-09 19:09:28.021504: I tensorflow/core/common_runtime/gpu/gpu_device.cc:1433] Found device 0 with properties: 
name: Tesla V100-PCIE-32GB major: 7 minor: 0 memoryClockRate(GHz): 1.38
pciBusID: 0000:21:01.0
totalMemory: 31.75GiB freeMemory: 31.44GiB
2020-11-09 19:09:28.021526: I tensorflow/core/common_runtime/gpu/gpu_device.cc:1512] Adding visible gpu devices: 0
2020-11-09 19:09:28.023820: I tensorflow/core/common_runtime/gpu/gpu_device.cc:984] Device interconnect StreamExecutor with strength 1 edge matrix:
2020-11-09 19:09:28.023845: I tensorflow/core/common_runtime/gpu/gpu_device.cc:990]      0 
2020-11-09 19:09:28.023851: I tensorflow/core/common_runtime/gpu/gpu_device.cc:1003] 0:   N 
2020-11-09 19:09:28.023933: I tensorflow/core/common_runtime/gpu/gpu_device.cc:1115] Created TensorFlow device (/job:localhost/replica:0/task:0/device:GPU:0 with 30583 MB memory) -> physical GPU (device: 0, name: Tesla V100-PCIE-32GB, pci bus id: 0000:21:01.0, compute capability: 7.0)
Start training...
----------------------------
2020-11-09 19:09:32.374306: I tensorflow/stream_executor/dso_loader.cc:152] successfully opened CUDA library libcublas.so.10.0 locally
mkdir: cannot create directory ‘logs’: File exists
[ModelArts Service Log]modelarts-pipe: will create log file /tmp/log/MA-ResNeXt-in-tensorflow-master-11-03-14-34.log
[ModelArts Service Log]modelarts-pipe: will create log file /tmp/log/MA-ResNeXt-in-tensorflow-master-11-03-14-34.log
[ModelArts Service Log]modelarts-pipe: will write log file /tmp/log/MA-ResNeXt-in-tensorflow-master-11-03-14-34.log
[ModelArts Service Log]modelarts-pipe: param for max log length: 1073741824
[ModelArts Service Log]modelarts-pipe: param for whether exit on overflow: 0
2020-11-09 19:09:42.017110: step 0, loss = 3.8919 (41.2 examples/sec; 3.105 sec/batch)
Train top1 error =  0.875
Validation top1 error = 0.8984
Validation loss =  2.6316268
----------------------------
--------------------
logs_v0b3_cont/z
--------------------
2020-11-09 19:10:24.747885: step 391, loss = 2.8286 (1425.4 examples/sec; 0.090 sec/batch)
Train top1 error =  0.484375
Validation top1 error = 0.5860
Validation loss =  1.6030552
----------------------------
2020-11-09 19:11:06.679873: step 782, loss = 2.5750 (1426.1 examples/sec; 0.090 sec/batch)
Train top1 error =  0.4140625
Validation top1 error = 0.5158
Validation loss =  1.4123485
----------------------------
2020-11-09 19:11:48.650915: step 1173, loss = 2.4592 (1421.6 examples/sec; 0.090 sec/batch)
Train top1 error =  0.3828125
Validation top1 error = 0.4816
Validation loss =  1.3378502
----------------------------
2020-11-09 19:12:30.639282: step 1564, loss = 2.4789 (1424.6 examples/sec; 0.090 sec/batch)
Train top1 error =  0.4453125
Validation top1 error = 0.4494
Validation loss =  1.2492709
----------------------------
2020-11-09 19:13:12.628429: step 1955, loss = 2.2724 (1420.5 examples/sec; 0.090 sec/batch)
Train top1 error =  0.3046875
Validation top1 error = 0.4174
Validation loss =  1.1540705
----------------------------
2020-11-09 19:13:54.754993: step 2346, loss = 2.3408 (1423.0 examples/sec; 0.090 sec/batch)
Train top1 error =  0.375
Validation top1 error = 0.4109
Validation loss =  1.1369238
----------------------------
2020-11-09 19:14:36.720437: step 2737, loss = 2.3699 (1428.8 examples/sec; 0.090 sec/batch)
Train top1 error =  0.375
Validation top1 error = 0.3904
Validation loss =  1.1006119
----------------------------
2020-11-09 19:15:18.730096: step 3128, loss = 1.9705 (1423.3 examples/sec; 0.090 sec/batch)
Train top1 error =  0.2421875
Validation top1 error = 0.3655
Validation loss =  1.0356308
----------------------------
2020-11-09 19:16:00.738769: step 3519, loss = 2.1904 (1421.5 examples/sec; 0.090 sec/batch)
Train top1 error =  0.3359375
Validation top1 error = 0.3611
Validation loss =  1.0109994
----------------------------
2020-11-09 19:16:42.691404: step 3910, loss = 2.0054 (1429.1 examples/sec; 0.090 sec/batch)
Train top1 error =  0.265625
Validation top1 error = 0.3481
Validation loss =  0.98737925
----------------------------
2020-11-09 19:17:24.706868: step 4301, loss = 2.0087 (1393.7 examples/sec; 0.092 sec/batch)
Train top1 error =  0.25
Validation top1 error = 0.3219
Validation loss =  0.9268014
----------------------------
2020-11-09 19:18:06.635207: step 4692, loss = 1.9802 (1433.1 examples/sec; 0.089 sec/batch)
Train top1 error =  0.2890625
Validation top1 error = 0.3349
Validation loss =  0.9420477
----------------------------
2020-11-09 19:18:48.635914: step 5083, loss = 2.0989 (1417.7 examples/sec; 0.090 sec/batch)
Train top1 error =  0.3125
Validation top1 error = 0.3026
Validation loss =  0.86960727
----------------------------
2020-11-09 19:19:30.679157: step 5474, loss = 2.0469 (1425.2 examples/sec; 0.090 sec/batch)
Train top1 error =  0.3125
Validation top1 error = 0.3106
Validation loss =  0.891884
----------------------------
2020-11-09 19:20:12.653778: step 5865, loss = 1.8807 (1429.4 examples/sec; 0.090 sec/batch)
Train top1 error =  0.265625
Validation top1 error = 0.3006
Validation loss =  0.8585169
----------------------------
2020-11-09 19:20:54.625290: step 6256, loss = 1.8854 (1426.2 examples/sec; 0.090 sec/batch)
Train top1 error =  0.2734375
Validation top1 error = 0.2877
Validation loss =  0.83196986
----------------------------
2020-11-09 19:21:36.612354: step 6647, loss = 1.8440 (1422.1 examples/sec; 0.090 sec/batch)
Train top1 error =  0.2578125
Validation top1 error = 0.2871
Validation loss =  0.81708777
----------------------------
2020-11-09 19:22:18.566101: step 7038, loss = 1.9092 (1427.8 examples/sec; 0.090 sec/batch)
Train top1 error =  0.1953125
Validation top1 error = 0.2775
Validation loss =  0.81742364
----------------------------
2020-11-09 19:23:00.549274: step 7429, loss = 1.7253 (1420.8 examples/sec; 0.090 sec/batch)
Train top1 error =  0.203125
Validation top1 error = 0.2710
Validation loss =  0.7873037
----------------------------
2020-11-09 19:23:42.520494: step 7820, loss = 1.7756 (1422.2 examples/sec; 0.090 sec/batch)
Train top1 error =  0.1875
Validation top1 error = 0.2756
Validation loss =  0.8050748
----------------------------
2020-11-09 19:24:24.513039: step 8211, loss = 1.7535 (1423.7 examples/sec; 0.090 sec/batch)
Train top1 error =  0.21875
Validation top1 error = 0.2632
Validation loss =  0.7525425
----------------------------
2020-11-09 19:25:06.507778: step 8602, loss = 1.7502 (1424.1 examples/sec; 0.090 sec/batch)
Train top1 error =  0.2109375
Validation top1 error = 0.2442
Validation loss =  0.7182809
----------------------------
2020-11-09 19:25:48.586513: step 8993, loss = 1.6744 (1424.6 examples/sec; 0.090 sec/batch)
Train top1 error =  0.140625
Validation top1 error = 0.2618
Validation loss =  0.76418006
----------------------------
2020-11-09 19:26:30.535236: step 9384, loss = 1.5935 (1423.6 examples/sec; 0.090 sec/batch)
Train top1 error =  0.125
Validation top1 error = 0.2548
Validation loss =  0.7546981
----------------------------
2020-11-09 19:27:12.634985: step 9775, loss = 1.6446 (1419.8 examples/sec; 0.090 sec/batch)
Train top1 error =  0.1484375
Validation top1 error = 0.2505
Validation loss =  0.72619635
----------------------------
--------------------
logs_v0b3_cont/z
--------------------
2020-11-09 19:27:55.221512: step 10166, loss = 1.6231 (1433.6 examples/sec; 0.089 sec/batch)
Train top1 error =  0.1171875
Validation top1 error = 0.2535
Validation loss =  0.7351559
----------------------------
2020-11-09 19:28:37.211265: step 10557, loss = 1.6161 (1421.9 examples/sec; 0.090 sec/batch)
Train top1 error =  0.1640625
Validation top1 error = 0.2348
Validation loss =  0.70013714
----------------------------
2020-11-09 19:29:19.199009: step 10948, loss = 1.6585 (1429.7 examples/sec; 0.090 sec/batch)
Train top1 error =  0.140625
Validation top1 error = 0.2392
Validation loss =  0.70803136
----------------------------
2020-11-09 19:30:01.159062: step 11339, loss = 1.6197 (1430.0 examples/sec; 0.090 sec/batch)
Train top1 error =  0.1484375
Validation top1 error = 0.2302
Validation loss =  0.6804031
----------------------------
2020-11-09 19:30:43.226067: step 11730, loss = 1.5095 (1427.0 examples/sec; 0.090 sec/batch)
Train top1 error =  0.109375
Validation top1 error = 0.2341
Validation loss =  0.70337594
----------------------------
2020-11-09 19:31:25.327865: step 12121, loss = 1.4788 (1421.6 examples/sec; 0.090 sec/batch)
Train top1 error =  0.0859375
Validation top1 error = 0.2292
Validation loss =  0.6912318
----------------------------
2020-11-09 19:32:07.311965: step 12512, loss = 1.4154 (1428.5 examples/sec; 0.090 sec/batch)
Train top1 error =  0.0859375
Validation top1 error = 0.2260
Validation loss =  0.68273723
----------------------------
2020-11-09 19:32:49.340699: step 12903, loss = 1.5553 (1414.1 examples/sec; 0.091 sec/batch)
Train top1 error =  0.1640625
Validation top1 error = 0.2130
Validation loss =  0.6365056
----------------------------
2020-11-09 19:33:31.324953: step 13294, loss = 1.5665 (1422.8 examples/sec; 0.090 sec/batch)
Train top1 error =  0.1640625
Validation top1 error = 0.2200
Validation loss =  0.67925394
----------------------------
2020-11-09 19:34:13.464707: step 13685, loss = 1.4038 (1421.7 examples/sec; 0.090 sec/batch)
Train top1 error =  0.0625
Validation top1 error = 0.2218
Validation loss =  0.66844237
----------------------------
2020-11-09 19:34:55.552556: step 14076, loss = 1.5021 (1430.0 examples/sec; 0.090 sec/batch)
Train top1 error =  0.15625
Validation top1 error = 0.2112
Validation loss =  0.6408752
----------------------------
2020-11-09 19:35:37.513826: step 14467, loss = 1.5350 (1422.1 examples/sec; 0.090 sec/batch)
Train top1 error =  0.1953125
Validation top1 error = 0.2175
Validation loss =  0.65715104
----------------------------
2020-11-09 19:36:19.450031: step 14858, loss = 1.4435 (1420.3 examples/sec; 0.090 sec/batch)
Train top1 error =  0.140625
Validation top1 error = 0.2084
Validation loss =  0.62627935
----------------------------
2020-11-09 19:37:01.535183: step 15249, loss = 1.4203 (1423.0 examples/sec; 0.090 sec/batch)
Train top1 error =  0.1171875
Validation top1 error = 0.2016
Validation loss =  0.6080454
----------------------------
2020-11-09 19:37:43.581699: step 15640, loss = 1.3651 (1432.1 examples/sec; 0.089 sec/batch)
Train top1 error =  0.1015625
Validation top1 error = 0.2139
Validation loss =  0.65114176
----------------------------
2020-11-09 19:38:25.657295: step 16031, loss = 1.3862 (1420.1 examples/sec; 0.090 sec/batch)
Train top1 error =  0.140625
Validation top1 error = 0.2191
Validation loss =  0.66823435
----------------------------
2020-11-09 19:39:07.607011: step 16422, loss = 1.4074 (1427.3 examples/sec; 0.090 sec/batch)
Train top1 error =  0.125
Validation top1 error = 0.2133
Validation loss =  0.6640168
----------------------------
2020-11-09 19:39:49.736681: step 16813, loss = 1.5925 (1430.5 examples/sec; 0.089 sec/batch)
Train top1 error =  0.1484375
Validation top1 error = 0.2104
Validation loss =  0.6632344
----------------------------
2020-11-09 19:40:31.761333: step 17204, loss = 1.3477 (1429.3 examples/sec; 0.090 sec/batch)
Train top1 error =  0.1171875
Validation top1 error = 0.2054
Validation loss =  0.6373294
----------------------------
2020-11-09 19:41:13.804050: step 17595, loss = 1.3181 (1424.8 examples/sec; 0.090 sec/batch)
Train top1 error =  0.1015625
Validation top1 error = 0.2140
Validation loss =  0.6686042
----------------------------
2020-11-09 19:41:55.865518: step 17986, loss = 1.2611 (1425.0 examples/sec; 0.090 sec/batch)
Train top1 error =  0.0625
Validation top1 error = 0.1918
Validation loss =  0.61533743
----------------------------
2020-11-09 19:42:37.919570: step 18377, loss = 1.4652 (1416.3 examples/sec; 0.090 sec/batch)
Train top1 error =  0.1328125
Validation top1 error = 0.2081
Validation loss =  0.6611924
----------------------------
2020-11-09 19:43:19.883344: step 18768, loss = 1.3866 (1425.5 examples/sec; 0.090 sec/batch)
Train top1 error =  0.1484375
Validation top1 error = 0.1862
Validation loss =  0.6004117
----------------------------
2020-11-09 19:44:01.851574: step 19159, loss = 1.2680 (1421.4 examples/sec; 0.090 sec/batch)
Train top1 error =  0.0703125
Validation top1 error = 0.1978
Validation loss =  0.64065397
----------------------------
2020-11-09 19:44:43.928109: step 19550, loss = 1.2591 (1428.1 examples/sec; 0.090 sec/batch)
Train top1 error =  0.0625
Validation top1 error = 0.1893
Validation loss =  0.5983808
----------------------------
2020-11-09 19:45:25.916048: step 19941, loss = 1.3266 (1420.9 examples/sec; 0.090 sec/batch)
Train top1 error =  0.125
Validation top1 error = 0.1895
Validation loss =  0.60100913
----------------------------
--------------------
logs_v0b3_cont/z
--------------------
2020-11-09 19:46:08.415597: step 20332, loss = 1.2253 (1428.6 examples/sec; 0.090 sec/batch)
Train top1 error =  0.078125
Validation top1 error = 0.1927
Validation loss =  0.62399375
----------------------------
