do nothing
[Modelarts Service Log]user: uid=1101(work) gid=1101(work) groups=1101(work)
[Modelarts Service Log]pwd: /home/work
[Modelarts Service Log]app_url: s3://resnext-tk/MA-ResNeXt-in-tensorflow-master-11-03-14-34/code/
[Modelarts Service Log]boot_file: code/cifar10_train.py
[Modelarts Service Log]log_url: /tmp/log/MA-ResNeXt-in-tensorflow-master-11-03-14-34.log
[Modelarts Service Log]command: code/cifar10_train.py --data_url=s3://resnext-tk/ResNeXt-in-tensorflow-master/cifar10_data/cifar-10-batches-py/ --train_url=s3://resnext-tk/MA-ResNeXt-in-tensorflow-master-11-03-14-34/output/V0018/ --num_gpus=1
[Modelarts Service Log]MODELARTS_IPOIB_DEVICE: 
[Modelarts Service Log]dependencies_file_dir: /home/work/user-job-dir/code
[Modelarts Service Log][modelarts_create_log] modelarts-pipe found
[Modelarts Service Log]handle inputs of training job
INFO:root:Using MoXing-v1.17.3-4c644d5b
INFO:root:Using OBS-Python-SDK-3.20.7
[ModelArts Service Log][INFO][2020/11/10 14:26:21]: env MA_INPUTS is not found, skip the inputs handler
INFO:root:Using MoXing-v1.17.3-4c644d5b
INFO:root:Using OBS-Python-SDK-3.20.7
[ModelArts Service Log]2020-11-10 14:26:21,796 - modelarts-downloader.py[line:619] - INFO: Main: modelarts-downloader starting with Namespace(dst='./', recursive=True, skip_creating_dir=False, src='s3://resnext-tk/MA-ResNeXt-in-tensorflow-master-11-03-14-34/code/', trace=False, type='common', verbose=False)
/home/work/user-job-dir
[Modelarts Service Log][modelarts_logger] modelarts-pipe found
WARNING: The TensorFlow contrib module will not be included in TensorFlow 2.0.
For more information, please see:
  * https://github.com/tensorflow/community/blob/master/rfcs/20180907-contrib-sunset.md
  * https://github.com/tensorflow/addons
If you depend on functionality not listed there, please file an issue.
Successfully downloaded cifar-10-python.tar.gz 170498071 bytes.
['cifar10_data/cifar-10-batches-py/data_batch_1', 'cifar10_data/cifar-10-batches-py/data_batch_2', 'cifar10_data/cifar-10-batches-py/data_batch_3', 'cifar10_data/cifar-10-batches-py/data_batch_4', 'cifar10_data/cifar-10-batches-py/data_batch_5']
Reading images from cifar10_data/cifar-10-batches-py/data_batch_1
Reading images from cifar10_data/cifar-10-batches-py/data_batch_2
Reading images from cifar10_data/cifar-10-batches-py/data_batch_3
Reading images from cifar10_data/cifar-10-batches-py/data_batch_4
Reading images from cifar10_data/cifar-10-batches-py/data_batch_5
Shuffling
mkdir: cannot create directory ‘logs’: File exists
[ModelArts Service Log]modelarts-pipe: will create log file /tmp/log/MA-ResNeXt-in-tensorflow-master-11-03-14-34.log
[ModelArts Service Log]modelarts-pipe: will create log file /tmp/log/MA-ResNeXt-in-tensorflow-master-11-03-14-34.log
[ModelArts Service Log]modelarts-pipe: will write log file /tmp/log/MA-ResNeXt-in-tensorflow-master-11-03-14-34.log
[ModelArts Service Log]modelarts-pipe: param for max log length: 1073741824
[ModelArts Service Log]modelarts-pipe: param for whether exit on overflow: 0
['cifar10_data/cifar-10-batches-py/test_batch']
Reading images from cifar10_data/cifar-10-batches-py/test_batch
Shuffling
WARNING:tensorflow:From /home/work/anaconda/lib/python3.6/site-packages/tensorflow/python/framework/op_def_library.py:263: colocate_with (from tensorflow.python.framework.ops) is deprecated and will be removed in a future version.
Instructions for updating:
Colocations handled automatically by placer.
WARNING:tensorflow:From /cache/user-job-dir/code/resNeXt.py:56: UniformUnitScaling.__init__ (from tensorflow.python.ops.init_ops) is deprecated and will be removed in a future version.
Instructions for updating:
Use tf.initializers.variance_scaling instead with distribution=uniform to get equivalent behavior.
WARNING:tensorflow:From code/cifar10_train.py:280: to_float (from tensorflow.python.ops.math_ops) is deprecated and will be removed in a future version.
Instructions for updating:
Use tf.cast instead.
WARNING:tensorflow:From /home/work/anaconda/lib/python3.6/site-packages/tensorflow/python/ops/math_ops.py:3066: to_int32 (from tensorflow.python.ops.math_ops) is deprecated and will be removed in a future version.
Instructions for updating:
Use tf.cast instead.
WARNING:tensorflow:From code/cifar10_train.py:85: all_variables (from tensorflow.python.ops.variables) is deprecated and will be removed after 2017-03-02.
Instructions for updating:
Please use tf.global_variables instead.
WARNING:tensorflow:From /home/work/anaconda/lib/python3.6/site-packages/tensorflow/python/util/tf_should_use.py:193: initialize_all_variables (from tensorflow.python.ops.variables) is deprecated and will be removed after 2017-03-02.
Instructions for updating:
Use `tf.global_variables_initializer` instead.
2020-11-10 14:26:45.988084: I tensorflow/core/platform/cpu_feature_guard.cc:141] Your CPU supports instructions that this TensorFlow binary was not compiled to use: AVX2 AVX512F FMA
2020-11-10 14:26:46.184224: I tensorflow/compiler/xla/service/service.cc:150] XLA service 0x556ae31c7050 executing computations on platform CUDA. Devices:
2020-11-10 14:26:46.184261: I tensorflow/compiler/xla/service/service.cc:158]   StreamExecutor device (0): Tesla V100-PCIE-32GB, Compute Capability 7.0
2020-11-10 14:26:46.201406: I tensorflow/core/platform/profile_utils/cpu_utils.cc:94] CPU Frequency: 3000000000 Hz
2020-11-10 14:26:46.201857: I tensorflow/compiler/xla/service/service.cc:150] XLA service 0x556ae32e2730 executing computations on platform Host. Devices:
2020-11-10 14:26:46.201882: I tensorflow/compiler/xla/service/service.cc:158]   StreamExecutor device (0): <undefined>, <undefined>
2020-11-10 14:26:46.202052: I tensorflow/core/common_runtime/gpu/gpu_device.cc:1433] Found device 0 with properties: 
name: Tesla V100-PCIE-32GB major: 7 minor: 0 memoryClockRate(GHz): 1.38
pciBusID: 0000:21:01.0
totalMemory: 31.75GiB freeMemory: 31.44GiB
2020-11-10 14:26:46.202075: I tensorflow/core/common_runtime/gpu/gpu_device.cc:1512] Adding visible gpu devices: 0
2020-11-10 14:26:46.204512: I tensorflow/core/common_runtime/gpu/gpu_device.cc:984] Device interconnect StreamExecutor with strength 1 edge matrix:
2020-11-10 14:26:46.204540: I tensorflow/core/common_runtime/gpu/gpu_device.cc:990]      0 
2020-11-10 14:26:46.204546: I tensorflow/core/common_runtime/gpu/gpu_device.cc:1003] 0:   N 
2020-11-10 14:26:46.204633: I tensorflow/core/common_runtime/gpu/gpu_device.cc:1115] Created TensorFlow device (/job:localhost/replica:0/task:0/device:GPU:0 with 30583 MB memory) -> physical GPU (device: 0, name: Tesla V100-PCIE-32GB, pci bus id: 0000:21:01.0, compute capability: 7.0)
Start training...
----------------------------
2020-11-10 14:26:50.867688: I tensorflow/stream_executor/dso_loader.cc:152] successfully opened CUDA library libcublas.so.10.0 locally
2020-11-10 14:27:00.710173: step 0, loss = 3.8858 (40.2 examples/sec; 3.184 sec/batch)
Train top1 error =  0.8984375
Validation top1 error = 0.9049
Validation loss =  2.5488868
----------------------------
2020-11-10 14:27:44.019636: step 391, loss = 2.8566 (1415.2 examples/sec; 0.090 sec/batch)
Train top1 error =  0.5703125
Validation top1 error = 0.5996
Validation loss =  1.6297596
----------------------------
2020-11-10 14:28:26.053392: step 782, loss = 2.7392 (1418.4 examples/sec; 0.090 sec/batch)
Train top1 error =  0.5078125
Validation top1 error = 0.5266
Validation loss =  1.4510351
----------------------------
2020-11-10 14:29:08.162264: step 1173, loss = 2.5240 (1428.7 examples/sec; 0.090 sec/batch)
Train top1 error =  0.3984375
Validation top1 error = 0.4920
Validation loss =  1.3583567
----------------------------
